<?xml version="1.0" encoding="UTF-8"?>
<!-- Generated by org.testng.reporters.JUnitReportReporter -->
<testsuite hostname="DESKTOP-OJE3VHS" failures="0" tests="1" name="com.inetBanking.testCases.TC_AddCustomer_003" time="26.769" errors="0" timestamp="26 Aug 2024 13:54:45 GMT" skipped="0">
  <testcase classname="com.inetBanking.testCases.TC_AddCustomer_003" name="addCustomer" time="26.769"/>
</testsuite> <!-- com.inetBanking.testCases.TC_AddCustomer_003 -->
