<?xml version="1.0" encoding="UTF-8"?>
<!-- Generated by org.testng.reporters.JUnitReportReporter -->
<testsuite hostname="DESKTOP-OJE3VHS" failures="0" tests="1" name="com.inetBanking.testCases.TC_AddNewAccount_005" time="49.406" errors="0" timestamp="26 Aug 2024 13:59:19 GMT" skipped="0">
  <testcase classname="com.inetBanking.testCases.TC_AddNewAccount_005" name="AddNewAccount" time="49.406"/>
</testsuite> <!-- com.inetBanking.testCases.TC_AddNewAccount_005 -->
