<?xml version="1.0" encoding="UTF-8"?>
<!-- Generated by org.testng.reporters.JUnitReportReporter -->
<testsuite hostname="DESKTOP-OJE3VHS" failures="0" tests="1" name="com.inetBanking.testCases.TC_AddNewAccount_005" time="69.575" errors="0" timestamp="27 Aug 2024 05:41:37 GMT" skipped="0">
  <testcase classname="com.inetBanking.testCases.TC_AddNewAccount_005" name="AddNewAccount" time="69.575"/>
</testsuite> <!-- com.inetBanking.testCases.TC_AddNewAccount_005 -->
