<?xml version="1.0" encoding="UTF-8"?>
<!-- Generated by org.testng.reporters.JUnitReportReporter -->
<testsuite hostname="DESKTOP-OJE3VHS" failures="0" tests="1" name="com.inetBanking.testCases.TC_EditCustomer_004" time="56.018" errors="0" timestamp="26 Aug 2024 13:54:45 GMT" skipped="0">
  <testcase classname="com.inetBanking.testCases.TC_EditCustomer_004" name="EditCustomer" time="56.018"/>
</testsuite> <!-- com.inetBanking.testCases.TC_EditCustomer_004 -->
